# JRE version: OpenJDK Runtime Environment (8.0_152-b01) (build 1.8.0_152-release-915-b01)
# Java VM: OpenJDK 64-Bit Server VM (25.152-b01 mixed mode linux-amd64 compressed oops)
Heap:
 PSYoungGen      total 163840K, used 131158K [0x00000000e0000000, 0x00000000ec300000, 0x0000000100000000)
  eden space 137216K, 89% used [0x00000000e0000000,0x00000000e775fec8,0x00000000e8600000)
  from space 26624K, 33% used [0x00000000ea900000,0x00000000eb1b5a18,0x00000000ec300000)
  to   space 31232K, 0% used [0x00000000e8600000,0x00000000e8600000,0x00000000ea480000)
 ParOldGen       total 175104K, used 90669K [0x00000000a0000000, 0x00000000aab00000, 0x00000000e0000000)
  object space 175104K, 51% used [0x00000000a0000000,0x00000000a588b638,0x00000000aab00000)
 Metaspace       used 111771K, capacity 120228K, committed 120408K, reserved 1155072K
  class space    used 13765K, capacity 15713K, committed 15744K, reserved 1048576K
GC Heap History (10 events):
Event: 2812.764 GC heap before
{Heap before GC invocations=52 (full 4):
 PSYoungGen      total 166400K, used 166166K [0x00000000e0000000, 0x00000000ee180000, 0x0000000100000000)
  eden space 159232K, 100% used [0x00000000e0000000,0x00000000e9b80000,0x00000000e9b80000)
  from space 7168K, 96% used [0x00000000ea080000,0x00000000ea7459f8,0x00000000ea780000)
  to   space 35840K, 0% used [0x00000000ebe80000,0x00000000ebe80000,0x00000000ee180000)
 ParOldGen       total 175104K, used 89146K [0x00000000a0000000, 0x00000000aab00000, 0x00000000e0000000)
  object space 175104K, 50% used [0x00000000a0000000,0x00000000a570eb48,0x00000000aab00000)
 Metaspace       used 111504K, capacity 119612K, committed 119768K, reserved 1153024K
  class space    used 13729K, capacity 15593K, committed 15616K, reserved 1048576K
Event: 2812.775 GC heap after
Heap after GC invocations=52 (full 4):
 PSYoungGen      total 183808K, used 10402K [0x00000000e0000000, 0x00000000edb00000, 0x0000000100000000)
  eden space 154624K, 0% used [0x00000000e0000000,0x00000000e0000000,0x00000000e9700000)
  from space 29184K, 35% used [0x00000000ebe80000,0x00000000ec8a8918,0x00000000edb00000)
  to   space 34816K, 0% used [0x00000000e9700000,0x00000000e9700000,0x00000000eb900000)
 ParOldGen       total 175104K, used 89410K [0x00000000a0000000, 0x00000000aab00000, 0x00000000e0000000)
  object space 175104K, 51% used [0x00000000a0000000,0x00000000a5750a00,0x00000000aab00000)
 Metaspace       used 111504K, capacity 119612K, committed 119768K, reserved 1153024K
  class space    used 13729K, capacity 15593K, committed 15616K, reserved 1048576K
}
Event: 2858.833 GC heap before
{Heap before GC invocations=53 (full 4):
 PSYoungGen      total 183808K, used 165026K [0x00000000e0000000, 0x00000000edb00000, 0x0000000100000000)
  eden space 154624K, 100% used [0x00000000e0000000,0x00000000e9700000,0x00000000e9700000)
  from space 29184K, 35% used [0x00000000ebe80000,0x00000000ec8a8918,0x00000000edb00000)
  to   space 34816K, 0% used [0x00000000e9700000,0x00000000e9700000,0x00000000eb900000)
 ParOldGen       total 175104K, used 89410K [0x00000000a0000000, 0x00000000aab00000, 0x00000000e0000000)
  object space 175104K, 51% used [0x00000000a0000000,0x00000000a5750a00,0x00000000aab00000)
 Metaspace       used 111567K, capacity 119796K, committed 120152K, reserved 1153024K
  class space    used 13740K, capacity 15633K, committed 15744K, reserved 1048576K
Event: 2858.849 GC heap after
Heap after GC invocations=53 (full 4):
 PSYoungGen      total 164352K, used 14326K [0x00000000e0000000, 0x00000000ed380000, 0x0000000100000000)
  eden space 150016K, 0% used [0x00000000e0000000,0x00000000e0000000,0x00000000e9280000)
  from space 14336K, 99% used [0x00000000e9700000,0x00000000ea4fda18,0x00000000ea500000)
  to   space 33280K, 0% used [0x00000000eb300000,0x00000000eb300000,0x00000000ed380000)
 ParOldGen       total 175104K, used 89674K [0x00000000a0000000, 0x00000000aab00000, 0x00000000e0000000)
  object space 175104K, 51% used [0x00000000a0000000,0x00000000a57928b8,0x00000000aab00000)
 Metaspace       used 111567K, capacity 119796K, committed 120152K, reserved 1153024K
  class space    used 13740K, capacity 15633K, committed 15744K, reserved 1048576K
}
Event: 2875.532 GC heap before
{Heap before GC invocations=54 (full 4):
 PSYoungGen      total 164352K, used 164342K [0x00000000e0000000, 0x00000000ed380000, 0x0000000100000000)
  eden space 150016K, 100% used [0x00000000e0000000,0x00000000e9280000,0x00000000e9280000)
  from space 14336K, 99% used [0x00000000e9700000,0x00000000ea4fda18,0x00000000ea500000)
  to   space 33280K, 0% used [0x00000000eb300000,0x00000000eb300000,0x00000000ed380000)
 ParOldGen       total 175104K, used 89674K [0x00000000a0000000, 0x00000000aab00000, 0x00000000e0000000)
  object space 175104K, 51% used [0x00000000a0000000,0x00000000a57928b8,0x00000000aab00000)
 Metaspace       used 111634K, capacity 119980K, committed 120152K, reserved 1153024K
  class space    used 13752K, capacity 15673K, committed 15744K, reserved 1048576K
Event: 2875.538 GC heap after
Heap after GC invocations=54 (full 4):
 PSYoungGen      total 173056K, used 6758K [0x00000000e0000000, 0x00000000ece00000, 0x0000000100000000)
  eden space 145408K, 0% used [0x00000000e0000000,0x00000000e0000000,0x00000000e8e00000)
  from space 27648K, 24% used [0x00000000eb300000,0x00000000eb999a08,0x00000000ece00000)
  to   space 32768K, 0% used [0x00000000e8e00000,0x00000000e8e00000,0x00000000eae00000)
 ParOldGen       total 175104K, used 90313K [0x00000000a0000000, 0x00000000aab00000, 0x00000000e0000000)
  object space 175104K, 51% used [0x00000000a0000000,0x00000000a5832770,0x00000000aab00000)
 Metaspace       used 111634K, capacity 119980K, committed 120152K, reserved 1153024K
  class space    used 13752K, capacity 15673K, committed 15744K, reserved 1048576K
}
Event: 2877.576 GC heap before
{Heap before GC invocations=55 (full 4):
 PSYoungGen      total 173056K, used 152166K [0x00000000e0000000, 0x00000000ece00000, 0x0000000100000000)
  eden space 145408K, 100% used [0x00000000e0000000,0x00000000e8e00000,0x00000000e8e00000)
  from space 27648K, 24% used [0x00000000eb300000,0x00000000eb999a08,0x00000000ece00000)
  to   space 32768K, 0% used [0x00000000e8e00000,0x00000000e8e00000,0x00000000eae00000)
 ParOldGen       total 175104K, used 90313K [0x00000000a0000000, 0x00000000aab00000, 0x00000000e0000000)
  object space 175104K, 51% used [0x00000000a0000000,0x00000000a5832770,0x00000000aab00000)
 Metaspace       used 111679K, capacity 119980K, committed 120152K, reserved 1153024K
  class space    used 13753K, capacity 15673K, committed 15744K, reserved 1048576K
Event: 2877.587 GC heap after
Heap after GC invocations=55 (full 4):
 PSYoungGen      total 151552K, used 9778K [0x00000000e0000000, 0x00000000ec800000, 0x0000000100000000)
  eden space 141312K, 0% used [0x00000000e0000000,0x00000000e0000000,0x00000000e8a00000)
  from space 10240K, 95% used [0x00000000e8e00000,0x00000000e978c968,0x00000000e9800000)
  to   space 31744K, 0% used [0x00000000ea900000,0x00000000ea900000,0x00000000ec800000)
 ParOldGen       total 175104K, used 90629K [0x00000000a0000000, 0x00000000aab00000, 0x00000000e0000000)
  object space 175104K, 51% used [0x00000000a0000000,0x00000000a5881638,0x00000000aab00000)
 Metaspace       used 111679K, capacity 119980K, committed 120152K, reserved 1153024K
  class space    used 13753K, capacity 15673K, committed 15744K, reserved 1048576K
}
Event: 2932.106 GC heap before
{Heap before GC invocations=56 (full 4):
 PSYoungGen      total 151552K, used 151090K [0x00000000e0000000, 0x00000000ec800000, 0x0000000100000000)
  eden space 141312K, 100% used [0x00000000e0000000,0x00000000e8a00000,0x00000000e8a00000)
  from space 10240K, 95% used [0x00000000e8e00000,0x00000000e978c968,0x00000000e9800000)
  to   space 31744K, 0% used [0x00000000ea900000,0x00000000ea900000,0x00000000ec800000)
 ParOldGen       total 175104K, used 90629K [0x00000000a0000000, 0x00000000aab00000, 0x00000000e0000000)
  object space 175104K, 51% used [0x00000000a0000000,0x00000000a5881638,0x00000000aab00000)
 Metaspace       used 111754K, capacity 120228K, committed 120408K, reserved 1155072K
  class space    used 13765K, capacity 15713K, committed 15744K, reserved 1048576K
Event: 2932.115 GC heap after
Heap after GC invocations=56 (full 4):
 PSYoungGen      total 163840K, used 8918K [0x00000000e0000000, 0x00000000ec300000, 0x0000000100000000)
  eden space 137216K, 0% used [0x00000000e0000000,0x00000000e0000000,0x00000000e8600000)
  from space 26624K, 33% used [0x00000000ea900000,0x00000000eb1b5a18,0x00000000ec300000)
  to   space 31232K, 0% used [0x00000000e8600000,0x00000000e8600000,0x00000000ea480000)
 ParOldGen       total 175104K, used 90669K [0x00000000a0000000, 0x00000000aab00000, 0x00000000e0000000)
  object space 175104K, 51% used [0x00000000a0000000,0x00000000a588b638,0x00000000aab00000)
 Metaspace       used 111754K, capacity 120228K, committed 120408K, reserved 1155072K
  class space    used 13765K, capacity 15713K, committed 15744K, reserved 1048576K
}

