# JRE version: OpenJDK Runtime Environment (8.0_152-b01) (build 1.8.0_152-release-915-b01)
# Java VM: OpenJDK 64-Bit Server VM (25.152-b01 mixed mode linux-amd64 compressed oops)
Heap:
 PSYoungGen      total 401920K, used 116393K [0x00000000e0000000, 0x00000000fc280000, 0x0000000100000000)
  eden space 376320K, 29% used [0x00000000e0000000,0x00000000e6c375e8,0x00000000f6f80000)
  from space 25600K, 21% used [0x00000000fa980000,0x00000000faef2ff0,0x00000000fc280000)
  to   space 42496K, 0% used [0x00000000f6f80000,0x00000000f6f80000,0x00000000f9900000)
 ParOldGen       total 210944K, used 148979K [0x00000000a0000000, 0x00000000ace00000, 0x00000000e0000000)
  object space 210944K, 70% used [0x00000000a0000000,0x00000000a917ce30,0x00000000ace00000)
 Metaspace       used 99125K, capacity 105676K, committed 105816K, reserved 1140736K
  class space    used 12442K, capacity 13936K, committed 13952K, reserved 1048576K
GC Heap History (10 events):
Event: 407.788 GC heap before
{Heap before GC invocations=36 (full 4):
 PSYoungGen      total 440320K, used 439221K [0x00000000e0000000, 0x00000000ffb80000, 0x0000000100000000)
  eden space 423936K, 99% used [0x00000000e0000000,0x00000000f9d0b590,0x00000000f9e00000)
  from space 16384K, 99% used [0x00000000f9e00000,0x00000000fade21e8,0x00000000fae00000)
  to   space 47104K, 0% used [0x00000000fcd80000,0x00000000fcd80000,0x00000000ffb80000)
 ParOldGen       total 210944K, used 139190K [0x00000000a0000000, 0x00000000ace00000, 0x00000000e0000000)
  object space 210944K, 65% used [0x00000000a0000000,0x00000000a87edb50,0x00000000ace00000)
 Metaspace       used 96568K, capacity 101412K, committed 101592K, reserved 1138688K
  class space    used 12177K, capacity 13279K, committed 13312K, reserved 1048576K
Event: 407.800 GC heap after
Heap after GC invocations=36 (full 4):
 PSYoungGen      total 473088K, used 7971K [0x00000000e0000000, 0x0000000100000000, 0x0000000100000000)
  eden space 425984K, 0% used [0x00000000e0000000,0x00000000e0000000,0x00000000fa000000)
  from space 47104K, 16% used [0x00000000fcd80000,0x00000000fd548c40,0x00000000ffb80000)
  to   space 46592K, 0% used [0x00000000fa000000,0x00000000fa000000,0x00000000fcd80000)
 ParOldGen       total 210944K, used 148947K [0x00000000a0000000, 0x00000000ace00000, 0x00000000e0000000)
  object space 210944K, 70% used [0x00000000a0000000,0x00000000a9174e30,0x00000000ace00000)
 Metaspace       used 96568K, capacity 101412K, committed 101592K, reserved 1138688K
  class space    used 12177K, capacity 13279K, committed 13312K, reserved 1048576K
}
Event: 636.353 GC heap before
{Heap before GC invocations=37 (full 4):
 PSYoungGen      total 473088K, used 433955K [0x00000000e0000000, 0x0000000100000000, 0x0000000100000000)
  eden space 425984K, 100% used [0x00000000e0000000,0x00000000fa000000,0x00000000fa000000)
  from space 47104K, 16% used [0x00000000fcd80000,0x00000000fd548c40,0x00000000ffb80000)
  to   space 46592K, 0% used [0x00000000fa000000,0x00000000fa000000,0x00000000fcd80000)
 ParOldGen       total 210944K, used 148947K [0x00000000a0000000, 0x00000000ace00000, 0x00000000e0000000)
  object space 210944K, 70% used [0x00000000a0000000,0x00000000a9174e30,0x00000000ace00000)
 Metaspace       used 97345K, capacity 102680K, committed 102872K, reserved 1138688K
  class space    used 12261K, capacity 13490K, committed 13568K, reserved 1048576K
Event: 636.370 GC heap after
Heap after GC invocations=37 (full 4):
 PSYoungGen      total 472576K, used 7411K [0x00000000e0000000, 0x00000000ffd80000, 0x0000000100000000)
  eden space 425984K, 0% used [0x00000000e0000000,0x00000000e0000000,0x00000000fa000000)
  from space 46592K, 15% used [0x00000000fa000000,0x00000000fa73ceb8,0x00000000fcd80000)
  to   space 45568K, 0% used [0x00000000fd100000,0x00000000fd100000,0x00000000ffd80000)
 ParOldGen       total 210944K, used 148955K [0x00000000a0000000, 0x00000000ace00000, 0x00000000e0000000)
  object space 210944K, 70% used [0x00000000a0000000,0x00000000a9176e30,0x00000000ace00000)
 Metaspace       used 97345K, capacity 102680K, committed 102872K, reserved 1138688K
  class space    used 12261K, capacity 13490K, committed 13568K, reserved 1048576K
}
Event: 1101.107 GC heap before
{Heap before GC invocations=38 (full 4):
 PSYoungGen      total 472576K, used 433395K [0x00000000e0000000, 0x00000000ffd80000, 0x0000000100000000)
  eden space 425984K, 100% used [0x00000000e0000000,0x00000000fa000000,0x00000000fa000000)
  from space 46592K, 15% used [0x00000000fa000000,0x00000000fa73ceb8,0x00000000fcd80000)
  to   space 45568K, 0% used [0x00000000fd100000,0x00000000fd100000,0x00000000ffd80000)
 ParOldGen       total 210944K, used 148955K [0x00000000a0000000, 0x00000000ace00000, 0x00000000e0000000)
  object space 210944K, 70% used [0x00000000a0000000,0x00000000a9176e30,0x00000000ace00000)
 Metaspace       used 98144K, capacity 104010K, committed 104024K, reserved 1140736K
  class space    used 12347K, capacity 13687K, committed 13696K, reserved 1048576K
Event: 1101.120 GC heap after
Heap after GC invocations=38 (full 4):
 PSYoungGen      total 431104K, used 5397K [0x00000000e0000000, 0x00000000fe700000, 0x0000000100000000)
  eden space 408576K, 0% used [0x00000000e0000000,0x00000000e0000000,0x00000000f8f00000)
  from space 22528K, 23% used [0x00000000fd100000,0x00000000fd6454a0,0x00000000fe700000)
  to   space 45056K, 0% used [0x00000000f8f00000,0x00000000f8f00000,0x00000000fbb00000)
 ParOldGen       total 210944K, used 148963K [0x00000000a0000000, 0x00000000ace00000, 0x00000000e0000000)
  object space 210944K, 70% used [0x00000000a0000000,0x00000000a9178e30,0x00000000ace00000)
 Metaspace       used 98144K, capacity 104010K, committed 104024K, reserved 1140736K
  class space    used 12347K, capacity 13687K, committed 13696K, reserved 1048576K
}
Event: 1252.347 GC heap before
{Heap before GC invocations=39 (full 4):
 PSYoungGen      total 431104K, used 413973K [0x00000000e0000000, 0x00000000fe700000, 0x0000000100000000)
  eden space 408576K, 100% used [0x00000000e0000000,0x00000000f8f00000,0x00000000f8f00000)
  from space 22528K, 23% used [0x00000000fd100000,0x00000000fd6454a0,0x00000000fe700000)
  to   space 45056K, 0% used [0x00000000f8f00000,0x00000000f8f00000,0x00000000fbb00000)
 ParOldGen       total 210944K, used 148963K [0x00000000a0000000, 0x00000000ace00000, 0x00000000e0000000)
  object space 210944K, 70% used [0x00000000a0000000,0x00000000a9178e30,0x00000000ace00000)
 Metaspace       used 98716K, capacity 105096K, committed 105304K, reserved 1140736K
  class space    used 12412K, capacity 13844K, committed 13952K, reserved 1048576K
Event: 1252.360 GC heap after
Heap after GC invocations=39 (full 4):
 PSYoungGen      total 398336K, used 5731K [0x00000000e0000000, 0x00000000fd400000, 0x0000000100000000)
  eden space 392192K, 0% used [0x00000000e0000000,0x00000000e0000000,0x00000000f7f00000)
  from space 6144K, 93% used [0x00000000f8f00000,0x00000000f9498e60,0x00000000f9500000)
  to   space 43520K, 0% used [0x00000000fa980000,0x00000000fa980000,0x00000000fd400000)
 ParOldGen       total 210944K, used 148971K [0x00000000a0000000, 0x00000000ace00000, 0x00000000e0000000)
  object space 210944K, 70% used [0x00000000a0000000,0x00000000a917ae30,0x00000000ace00000)
 Metaspace       used 98716K, capacity 105096K, committed 105304K, reserved 1140736K
  class space    used 12412K, capacity 13844K, committed 13952K, reserved 1048576K
}
Event: 1719.036 GC heap before
{Heap before GC invocations=40 (full 4):
 PSYoungGen      total 398336K, used 397922K [0x00000000e0000000, 0x00000000fd400000, 0x0000000100000000)
  eden space 392192K, 99% used [0x00000000e0000000,0x00000000f7effd18,0x00000000f7f00000)
  from space 6144K, 93% used [0x00000000f8f00000,0x00000000f9498e60,0x00000000f9500000)
  to   space 43520K, 0% used [0x00000000fa980000,0x00000000fa980000,0x00000000fd400000)
 ParOldGen       total 210944K, used 148971K [0x00000000a0000000, 0x00000000ace00000, 0x00000000e0000000)
  object space 210944K, 70% used [0x00000000a0000000,0x00000000a917ae30,0x00000000ace00000)
 Metaspace       used 99056K, capacity 105490K, committed 105560K, reserved 1140736K
  class space    used 12437K, capacity 13927K, committed 13952K, reserved 1048576K
Event: 1719.047 GC heap after
Heap after GC invocations=40 (full 4):
 PSYoungGen      total 401920K, used 5579K [0x00000000e0000000, 0x00000000fc280000, 0x0000000100000000)
  eden space 376320K, 0% used [0x00000000e0000000,0x00000000e0000000,0x00000000f6f80000)
  from space 25600K, 21% used [0x00000000fa980000,0x00000000faef2ff0,0x00000000fc280000)
  to   space 42496K, 0% used [0x00000000f6f80000,0x00000000f6f80000,0x00000000f9900000)
 ParOldGen       total 210944K, used 148979K [0x00000000a0000000, 0x00000000ace00000, 0x00000000e0000000)
  object space 210944K, 70% used [0x00000000a0000000,0x00000000a917ce30,0x00000000ace00000)
 Metaspace       used 99056K, capacity 105490K, committed 105560K, reserved 1140736K
  class space    used 12437K, capacity 13927K, committed 13952K, reserved 1048576K
}

