# JRE version: OpenJDK Runtime Environment (8.0_152-b01) (build 1.8.0_152-release-915-b01)
# Java VM: OpenJDK 64-Bit Server VM (25.152-b01 mixed mode linux-amd64 compressed oops)
Heap:
 PSYoungGen      total 341504K, used 338332K [0x00000000e0000000, 0x00000000fa680000, 0x0000000100000000)
  eden space 321536K, 100% used [0x00000000e0000000,0x00000000f3a00000,0x00000000f3a00000)
  from space 19968K, 84% used [0x00000000f3a00000,0x00000000f4a67118,0x00000000f4d80000)
  to   space 21504K, 47% used [0x00000000f9180000,0x00000000f9b8c050,0x00000000fa680000)
 ParOldGen       total 104448K, used 51843K [0x00000000a0000000, 0x00000000a6600000, 0x00000000e0000000)
  object space 104448K, 49% used [0x00000000a0000000,0x00000000a32a0df0,0x00000000a6600000)
 Metaspace       used 87641K, capacity 91606K, committed 91864K, reserved 1128448K
  class space    used 11139K, capacity 11956K, committed 12032K, reserved 1048576K
GC Heap History (10 events):
Event: 22.052 GC heap after
Heap after GC invocations=16 (full 3):
 PSYoungGen      total 179200K, used 0K [0x00000000e0000000, 0x00000000f0e00000, 0x0000000100000000)
  eden space 162816K, 0% used [0x00000000e0000000,0x00000000e0000000,0x00000000e9f00000)
  from space 16384K, 0% used [0x00000000e9f00000,0x00000000e9f00000,0x00000000eaf00000)
  to   space 16896K, 0% used [0x00000000efd80000,0x00000000efd80000,0x00000000f0e00000)
 ParOldGen       total 104448K, used 32368K [0x00000000a0000000, 0x00000000a6600000, 0x00000000e0000000)
  object space 104448K, 30% used [0x00000000a0000000,0x00000000a1f9c3a0,0x00000000a6600000)
 Metaspace       used 57234K, capacity 58890K, committed 59028K, reserved 1099776K
  class space    used 7734K, capacity 8140K, committed 8192K, reserved 1048576K
}
Event: 24.769 GC heap before
{Heap before GC invocations=17 (full 3):
 PSYoungGen      total 179200K, used 162816K [0x00000000e0000000, 0x00000000f0e00000, 0x0000000100000000)
  eden space 162816K, 100% used [0x00000000e0000000,0x00000000e9f00000,0x00000000e9f00000)
  from space 16384K, 0% used [0x00000000e9f00000,0x00000000e9f00000,0x00000000eaf00000)
  to   space 16896K, 0% used [0x00000000efd80000,0x00000000efd80000,0x00000000f0e00000)
 ParOldGen       total 104448K, used 32368K [0x00000000a0000000, 0x00000000a6600000, 0x00000000e0000000)
  object space 104448K, 30% used [0x00000000a0000000,0x00000000a1f9c3a0,0x00000000a6600000)
 Metaspace       used 66934K, capacity 69220K, committed 69464K, reserved 1110016K
  class space    used 9006K, capacity 9554K, committed 9600K, reserved 1048576K
Event: 24.781 GC heap after
Heap after GC invocations=17 (full 3):
 PSYoungGen      total 248320K, used 14587K [0x00000000e0000000, 0x00000000f0c00000, 0x0000000100000000)
  eden space 233472K, 0% used [0x00000000e0000000,0x00000000e0000000,0x00000000ee400000)
  from space 14848K, 98% used [0x00000000efd80000,0x00000000f0bbef78,0x00000000f0c00000)
  to   space 18944K, 0% used [0x00000000ee700000,0x00000000ee700000,0x00000000ef980000)
 ParOldGen       total 104448K, used 32376K [0x00000000a0000000, 0x00000000a6600000, 0x00000000e0000000)
  object space 104448K, 30% used [0x00000000a0000000,0x00000000a1f9e3a0,0x00000000a6600000)
 Metaspace       used 66934K, capacity 69220K, committed 69464K, reserved 1110016K
  class space    used 9006K, capacity 9554K, committed 9600K, reserved 1048576K
}
Event: 66.498 GC heap before
{Heap before GC invocations=18 (full 3):
 PSYoungGen      total 248320K, used 248059K [0x00000000e0000000, 0x00000000f0c00000, 0x0000000100000000)
  eden space 233472K, 100% used [0x00000000e0000000,0x00000000ee400000,0x00000000ee400000)
  from space 14848K, 98% used [0x00000000efd80000,0x00000000f0bbef78,0x00000000f0c00000)
  to   space 18944K, 0% used [0x00000000ee700000,0x00000000ee700000,0x00000000ef980000)
 ParOldGen       total 104448K, used 32376K [0x00000000a0000000, 0x00000000a6600000, 0x00000000e0000000)
  object space 104448K, 30% used [0x00000000a0000000,0x00000000a1f9e3a0,0x00000000a6600000)
 Metaspace       used 72382K, capacity 75314K, committed 75480K, reserved 1114112K
  class space    used 9536K, capacity 10181K, committed 10240K, reserved 1048576K
Event: 66.512 GC heap after
Heap after GC invocations=18 (full 3):
 PSYoungGen      total 255488K, used 11845K [0x00000000e0000000, 0x00000000f6400000, 0x0000000100000000)
  eden space 236544K, 0% used [0x00000000e0000000,0x00000000e0000000,0x00000000ee700000)
  from space 18944K, 62% used [0x00000000ee700000,0x00000000ef291420,0x00000000ef980000)
  to   space 18944K, 0% used [0x00000000f5180000,0x00000000f5180000,0x00000000f6400000)
 ParOldGen       total 104448K, used 38067K [0x00000000a0000000, 0x00000000a6600000, 0x00000000e0000000)
  object space 104448K, 36% used [0x00000000a0000000,0x00000000a252ced0,0x00000000a6600000)
 Metaspace       used 72382K, capacity 75314K, committed 75480K, reserved 1114112K
  class space    used 9536K, capacity 10181K, committed 10240K, reserved 1048576K
}
Event: 102.494 GC heap before
{Heap before GC invocations=19 (full 3):
 PSYoungGen      total 255488K, used 248389K [0x00000000e0000000, 0x00000000f6400000, 0x0000000100000000)
  eden space 236544K, 100% used [0x00000000e0000000,0x00000000ee700000,0x00000000ee700000)
  from space 18944K, 62% used [0x00000000ee700000,0x00000000ef291420,0x00000000ef980000)
  to   space 18944K, 0% used [0x00000000f5180000,0x00000000f5180000,0x00000000f6400000)
 ParOldGen       total 104448K, used 38067K [0x00000000a0000000, 0x00000000a6600000, 0x00000000e0000000)
  object space 104448K, 36% used [0x00000000a0000000,0x00000000a252ced0,0x00000000a6600000)
 Metaspace       used 79011K, capacity 82472K, committed 82776K, reserved 1120256K
  class space    used 10313K, capacity 11041K, committed 11136K, reserved 1048576K
Event: 102.517 GC heap after
Heap after GC invocations=19 (full 3):
 PSYoungGen      total 337408K, used 13573K [0x00000000e0000000, 0x00000000f6100000, 0x0000000100000000)
  eden space 321536K, 0% used [0x00000000e0000000,0x00000000e0000000,0x00000000f3a00000)
  from space 15872K, 85% used [0x00000000f5180000,0x00000000f5ec1488,0x00000000f6100000)
  to   space 19968K, 0% used [0x00000000f3a00000,0x00000000f3a00000,0x00000000f4d80000)
 ParOldGen       total 104448K, used 41048K [0x00000000a0000000, 0x00000000a6600000, 0x00000000e0000000)
  object space 104448K, 39% used [0x00000000a0000000,0x00000000a2816118,0x00000000a6600000)
 Metaspace       used 79011K, capacity 82472K, committed 82776K, reserved 1120256K
  class space    used 10313K, capacity 11041K, committed 11136K, reserved 1048576K
}
Event: 172.072 GC heap before
{Heap before GC invocations=20 (full 3):
 PSYoungGen      total 337408K, used 335109K [0x00000000e0000000, 0x00000000f6100000, 0x0000000100000000)
  eden space 321536K, 100% used [0x00000000e0000000,0x00000000f3a00000,0x00000000f3a00000)
  from space 15872K, 85% used [0x00000000f5180000,0x00000000f5ec1488,0x00000000f6100000)
  to   space 19968K, 0% used [0x00000000f3a00000,0x00000000f3a00000,0x00000000f4d80000)
 ParOldGen       total 104448K, used 41048K [0x00000000a0000000, 0x00000000a6600000, 0x00000000e0000000)
  object space 104448K, 39% used [0x00000000a0000000,0x00000000a2816118,0x00000000a6600000)
 Metaspace       used 86986K, capacity 90580K, committed 90712K, reserved 1128448K
  class space    used 11087K, capacity 11841K, committed 11904K, reserved 1048576K
Event: 172.093 GC heap after
Heap after GC invocations=20 (full 3):
 PSYoungGen      total 341504K, used 16796K [0x00000000e0000000, 0x00000000fa680000, 0x0000000100000000)
  eden space 321536K, 0% used [0x00000000e0000000,0x00000000e0000000,0x00000000f3a00000)
  from space 19968K, 84% used [0x00000000f3a00000,0x00000000f4a67118,0x00000000f4d80000)
  to   space 21504K, 0% used [0x00000000f9180000,0x00000000f9180000,0x00000000fa680000)
 ParOldGen       total 104448K, used 42448K [0x00000000a0000000, 0x00000000a6600000, 0x00000000e0000000)
  object space 104448K, 40% used [0x00000000a0000000,0x00000000a2974040,0x00000000a6600000)
 Metaspace       used 86986K, capacity 90580K, committed 90712K, reserved 1128448K
  class space    used 11087K, capacity 11841K, committed 11904K, reserved 1048576K
}
Event: 216.347 GC heap before
{Heap before GC invocations=21 (full 3):
 PSYoungGen      total 341504K, used 338332K [0x00000000e0000000, 0x00000000fa680000, 0x0000000100000000)
  eden space 321536K, 100% used [0x00000000e0000000,0x00000000f3a00000,0x00000000f3a00000)
  from space 19968K, 84% used [0x00000000f3a00000,0x00000000f4a67118,0x00000000f4d80000)
  to   space 21504K, 0% used [0x00000000f9180000,0x00000000f9180000,0x00000000fa680000)
 ParOldGen       total 104448K, used 42448K [0x00000000a0000000, 0x00000000a6600000, 0x00000000e0000000)
  object space 104448K, 40% used [0x00000000a0000000,0x00000000a2974040,0x00000000a6600000)
 Metaspace       used 87641K, capacity 91606K, committed 91864K, reserved 1128448K
  class space    used 11139K, capacity 11956K, committed 12032K, reserved 1048576K

