# JRE version: OpenJDK Runtime Environment (8.0_152-b01) (build 1.8.0_152-release-915-b01)
# Java VM: OpenJDK 64-Bit Server VM (25.152-b01 mixed mode linux-amd64 compressed oops)
Heap:
 PSYoungGen      total 163328K, used 154725K [0x00000000e0000000, 0x00000000edd80000, 0x0000000100000000)
  eden space 121856K, 100% used [0x00000000e0000000,0x00000000e7700000,0x00000000e7700000)
  from space 41472K, 79% used [0x00000000e7700000,0x00000000e9719678,0x00000000e9f80000)
  to   space 44032K, 72% used [0x00000000eb280000,0x00000000ed1ad7f0,0x00000000edd80000)
 ParOldGen       total 158208K, used 71215K [0x00000000a0000000, 0x00000000a9a80000, 0x00000000e0000000)
  object space 158208K, 45% used [0x00000000a0000000,0x00000000a458bd28,0x00000000a9a80000)
 Metaspace       used 133599K, capacity 143854K, committed 144076K, reserved 1175552K
  class space    used 16496K, capacity 18840K, committed 18932K, reserved 1048576K
GC Heap History (10 events):
Event: 6834.866 GC heap after
Heap after GC invocations=58 (full 5):
 PSYoungGen      total 154112K, used 24307K [0x00000000e0000000, 0x00000000ec780000, 0x0000000100000000)
  eden space 129536K, 0% used [0x00000000e0000000,0x00000000e0000000,0x00000000e7e80000)
  from space 24576K, 98% used [0x00000000e8280000,0x00000000e9a3cfc8,0x00000000e9a80000)
  to   space 37376K, 0% used [0x00000000ea300000,0x00000000ea300000,0x00000000ec780000)
 ParOldGen       total 158208K, used 60838K [0x00000000a0000000, 0x00000000a9a80000, 0x00000000e0000000)
  object space 158208K, 38% used [0x00000000a0000000,0x00000000a3b69a80,0x00000000a9a80000)
 Metaspace       used 123560K, capacity 132264K, committed 133708K, reserved 1165312K
  class space    used 15218K, capacity 17211K, committed 17524K, reserved 1048576K
}
Event: 6836.076 GC heap before
{Heap before GC invocations=59 (full 5):
 PSYoungGen      total 154112K, used 153843K [0x00000000e0000000, 0x00000000ec780000, 0x0000000100000000)
  eden space 129536K, 100% used [0x00000000e0000000,0x00000000e7e80000,0x00000000e7e80000)
  from space 24576K, 98% used [0x00000000e8280000,0x00000000e9a3cfc8,0x00000000e9a80000)
  to   space 37376K, 0% used [0x00000000ea300000,0x00000000ea300000,0x00000000ec780000)
 ParOldGen       total 158208K, used 60838K [0x00000000a0000000, 0x00000000a9a80000, 0x00000000e0000000)
  object space 158208K, 38% used [0x00000000a0000000,0x00000000a3b69a80,0x00000000a9a80000)
 Metaspace       used 129036K, capacity 137818K, committed 139212K, reserved 1171456K
  class space    used 15814K, capacity 17822K, committed 18164K, reserved 1048576K
Event: 6836.095 GC heap after
Heap after GC invocations=59 (full 5):
 PSYoungGen      total 164864K, used 29227K [0x00000000e0000000, 0x00000000eda00000, 0x0000000100000000)
  eden space 127488K, 0% used [0x00000000e0000000,0x00000000e0000000,0x00000000e7c80000)
  from space 37376K, 78% used [0x00000000ea300000,0x00000000ebf8af88,0x00000000ec780000)
  to   space 39424K, 0% used [0x00000000e7c80000,0x00000000e7c80000,0x00000000ea300000)
 ParOldGen       total 158208K, used 60846K [0x00000000a0000000, 0x00000000a9a80000, 0x00000000e0000000)
  object space 158208K, 38% used [0x00000000a0000000,0x00000000a3b6ba80,0x00000000a9a80000)
 Metaspace       used 129036K, capacity 137818K, committed 139212K, reserved 1171456K
  class space    used 15814K, capacity 17822K, committed 18164K, reserved 1048576K
}
Event: 6977.341 GC heap before
{Heap before GC invocations=60 (full 5):
 PSYoungGen      total 164864K, used 156715K [0x00000000e0000000, 0x00000000eda00000, 0x0000000100000000)
  eden space 127488K, 100% used [0x00000000e0000000,0x00000000e7c80000,0x00000000e7c80000)
  from space 37376K, 78% used [0x00000000ea300000,0x00000000ebf8af88,0x00000000ec780000)
  to   space 39424K, 0% used [0x00000000e7c80000,0x00000000e7c80000,0x00000000ea300000)
 ParOldGen       total 158208K, used 60846K [0x00000000a0000000, 0x00000000a9a80000, 0x00000000e0000000)
  object space 158208K, 38% used [0x00000000a0000000,0x00000000a3b6ba80,0x00000000a9a80000)
 Metaspace       used 132193K, capacity 141412K, committed 142156K, reserved 1173504K
  class space    used 16189K, capacity 18352K, committed 18548K, reserved 1048576K
Event: 6977.363 GC heap after
Heap after GC invocations=60 (full 5):
 PSYoungGen      total 150016K, used 26023K [0x00000000e0000000, 0x00000000ec600000, 0x0000000100000000)
  eden space 123904K, 0% used [0x00000000e0000000,0x00000000e0000000,0x00000000e7900000)
  from space 26112K, 99% used [0x00000000e7c80000,0x00000000e95e9ec8,0x00000000e9600000)
  to   space 39424K, 0% used [0x00000000e9f80000,0x00000000e9f80000,0x00000000ec600000)
 ParOldGen       total 158208K, used 60854K [0x00000000a0000000, 0x00000000a9a80000, 0x00000000e0000000)
  object space 158208K, 38% used [0x00000000a0000000,0x00000000a3b6da80,0x00000000a9a80000)
 Metaspace       used 132193K, capacity 141412K, committed 142156K, reserved 1173504K
  class space    used 16189K, capacity 18352K, committed 18548K, reserved 1048576K
}
Event: 6977.947 GC heap before
{Heap before GC invocations=61 (full 5):
 PSYoungGen      total 150016K, used 149927K [0x00000000e0000000, 0x00000000ec600000, 0x0000000100000000)
  eden space 123904K, 100% used [0x00000000e0000000,0x00000000e7900000,0x00000000e7900000)
  from space 26112K, 99% used [0x00000000e7c80000,0x00000000e95e9ec8,0x00000000e9600000)
  to   space 39424K, 0% used [0x00000000e9f80000,0x00000000e9f80000,0x00000000ec600000)
 ParOldGen       total 158208K, used 60854K [0x00000000a0000000, 0x00000000a9a80000, 0x00000000e0000000)
  object space 158208K, 38% used [0x00000000a0000000,0x00000000a3b6da80,0x00000000a9a80000)
 Metaspace       used 132688K, capacity 142046K, committed 142796K, reserved 1173504K
  class space    used 16285K, capacity 18472K, committed 18676K, reserved 1048576K
Event: 6977.967 GC heap after
Heap after GC invocations=61 (full 5):
 PSYoungGen      total 161280K, used 31338K [0x00000000e0000000, 0x00000000edc00000, 0x0000000100000000)
  eden space 121856K, 0% used [0x00000000e0000000,0x00000000e0000000,0x00000000e7700000)
  from space 39424K, 79% used [0x00000000e9f80000,0x00000000ebe1aaf8,0x00000000ec600000)
  to   space 41472K, 0% used [0x00000000e7700000,0x00000000e7700000,0x00000000e9f80000)
 ParOldGen       total 158208K, used 60862K [0x00000000a0000000, 0x00000000a9a80000, 0x00000000e0000000)
  object space 158208K, 38% used [0x00000000a0000000,0x00000000a3b6fa80,0x00000000a9a80000)
 Metaspace       used 132688K, capacity 142046K, committed 142796K, reserved 1173504K
  class space    used 16285K, capacity 18472K, committed 18676K, reserved 1048576K
}
Event: 6985.330 GC heap before
{Heap before GC invocations=62 (full 5):
 PSYoungGen      total 161280K, used 153194K [0x00000000e0000000, 0x00000000edc00000, 0x0000000100000000)
  eden space 121856K, 100% used [0x00000000e0000000,0x00000000e7700000,0x00000000e7700000)
  from space 39424K, 79% used [0x00000000e9f80000,0x00000000ebe1aaf8,0x00000000ec600000)
  to   space 41472K, 0% used [0x00000000e7700000,0x00000000e7700000,0x00000000e9f80000)
 ParOldGen       total 158208K, used 60862K [0x00000000a0000000, 0x00000000a9a80000, 0x00000000e0000000)
  object space 158208K, 38% used [0x00000000a0000000,0x00000000a3b6fa80,0x00000000a9a80000)
 Metaspace       used 133526K, capacity 143680K, committed 143820K, reserved 1173504K
  class space    used 16480K, capacity 18811K, committed 18932K, reserved 1048576K
Event: 6985.354 GC heap after
Heap after GC invocations=62 (full 5):
 PSYoungGen      total 163328K, used 32869K [0x00000000e0000000, 0x00000000edd80000, 0x0000000100000000)
  eden space 121856K, 0% used [0x00000000e0000000,0x00000000e0000000,0x00000000e7700000)
  from space 41472K, 79% used [0x00000000e7700000,0x00000000e9719678,0x00000000e9f80000)
  to   space 44032K, 0% used [0x00000000eb280000,0x00000000eb280000,0x00000000edd80000)
 ParOldGen       total 158208K, used 60870K [0x00000000a0000000, 0x00000000a9a80000, 0x00000000e0000000)
  object space 158208K, 38% used [0x00000000a0000000,0x00000000a3b71a80,0x00000000a9a80000)
 Metaspace       used 133526K, capacity 143680K, committed 143820K, reserved 1173504K
  class space    used 16480K, capacity 18811K, committed 18932K, reserved 1048576K
}
Event: 6987.933 GC heap before
{Heap before GC invocations=63 (full 5):
 PSYoungGen      total 163328K, used 154725K [0x00000000e0000000, 0x00000000edd80000, 0x0000000100000000)
  eden space 121856K, 100% used [0x00000000e0000000,0x00000000e7700000,0x00000000e7700000)
  from space 41472K, 79% used [0x00000000e7700000,0x00000000e9719678,0x00000000e9f80000)
  to   space 44032K, 0% used [0x00000000eb280000,0x00000000eb280000,0x00000000edd80000)
 ParOldGen       total 158208K, used 60870K [0x00000000a0000000, 0x00000000a9a80000, 0x00000000e0000000)
  object space 158208K, 38% used [0x00000000a0000000,0x00000000a3b71a80,0x00000000a9a80000)
 Metaspace       used 133599K, capacity 143854K, committed 144076K, reserved 1175552K
  class space    used 16496K, capacity 18840K, committed 18932K, reserved 1048576K

